<?xml version="1.0" encoding="UTF-8"?>
<!-- Generated by org.testng.reporters.JUnitReportReporter -->
<testsuite hostname="DESKTOP-7JPU924" name="com.app.test.DressTestpage" tests="2" failures="0" timestamp="4 Dec 2019 16:16:33 GMT" time="3.658" errors="0">
  <testcase name="verifysize" time="0.294" classname="com.app.test.DressTestpage"/>
  <testcase name="verifydresspagenavigation" time="3.364" classname="com.app.test.DressTestpage"/>
</testsuite> <!-- com.app.test.DressTestpage -->
